(Sat Jun 07 23:38:19 2014.93953) : Failed to log an event: 6B5
(Sat Jun 07 23:38:19 2014.93953) : Failed to log an event: 6B5
(Sat Jun 07 23:38:19 2014.93953) : Failed to log an event: 6B5
(Sat Jun 07 23:38:19 2014.93953) : Failed to log an event: 6B5
(Sat Jun 07 23:38:19 2014.93953) : Failed to log an event: 6B5
(Sat Jun 07 23:38:19 2014.93968) : Failed to log an event: 6B5
(Sat Jun 07 23:38:19 2014.93968) : Failed to log an event: 6B5
(Sat Jun 07 23:38:19 2014.93968) : Failed to log an event: 6B5
(Sat Jun 07 23:38:19 2014.93968) : Failed to log an event: 6B5
(Sat Jun 07 23:38:19 2014.93968) : Failed to log an event: 6B5
(Sat Jun 07 23:38:19 2014.93968) : Failed to log an event: 6B5
(Sat Jun 07 23:38:19 2014.93968) : Dropping event destined for event consumer NTEventLogEventConsumer="SCM Event Log Consumer" in namespace //./root/subscription
(Sat Jun 07 23:38:19 2014.93968) : Dropping event destined for event consumer NTEventLogEventConsumer="SCM Event Log Consumer" in namespace //./root/subscription
(Sat Jun 07 23:38:19 2014.93968) : Dropping event destined for event consumer NTEventLogEventConsumer="SCM Event Log Consumer" in namespace //./root/subscription
(Sat Jun 07 23:38:19 2014.93968) : Dropping event destined for event consumer NTEventLogEventConsumer="SCM Event Log Consumer" in namespace //./root/subscription
(Sat Jun 07 23:38:19 2014.93968) : Dropping event destined for event consumer NTEventLogEventConsumer="SCM Event Log Consumer" in namespace //./root/subscription
(Sat Jun 07 23:38:19 2014.93968) : Dropping event destined for event consumer NTEventLogEventConsumer="SCM Event Log Consumer" in namespace //./root/subscription
(Sat Jun 07 23:38:19 2014.93968) : Dropping event destined for event consumer NTEventLogEventConsumer="SCM Event Log Consumer" in namespace //./root/subscription
(Sat Jun 07 23:38:19 2014.93984) : Dropping event destined for event consumer NTEventLogEventConsumer="SCM Event Log Consumer" in namespace //./root/subscription
(Sat Jun 07 23:38:19 2014.93984) : Dropping event destined for event consumer NTEventLogEventConsumer="SCM Event Log Consumer" in namespace //./root/subscription
(Sat Jun 07 23:38:19 2014.93984) : Dropping event destined for event consumer NTEventLogEventConsumer="SCM Event Log Consumer" in namespace //./root/subscription
(Sat Jun 07 23:38:19 2014.93984) : Dropping event destined for event consumer NTEventLogEventConsumer="SCM Event Log Consumer" in namespace //./root/subscription
(Sat Jun 07 23:38:19 2014.93984) : Failed to deliver an event to event consumer NTEventLogEventConsumer="SCM Event Log Consumer" with error code 0x80041001. Dropping event.
(Sat Jun 07 23:38:20 2014.94062) : Failed to log an event: 6B5
(Sat Jun 07 23:38:20 2014.94062) : Failed to log an event: 6B5
(Sat Jun 07 23:38:20 2014.94062) : Failed to log an event: 6B5
(Sat Jun 07 23:38:20 2014.94062) : Failed to log an event: 6B5
(Sat Jun 07 23:38:20 2014.94062) : Failed to log an event: 6B5
(Sat Jun 07 23:38:20 2014.94062) : Failed to log an event: 6B5
(Sat Jun 07 23:38:20 2014.94062) : Failed to log an event: 6B5
(Sat Jun 07 23:38:20 2014.94062) : Dropping event destined for event consumer NTEventLogEventConsumer="SCM Event Log Consumer" in namespace //./root/subscription
(Sat Jun 07 23:38:20 2014.94062) : Dropping event destined for event consumer NTEventLogEventConsumer="SCM Event Log Consumer" in namespace //./root/subscription
(Sat Jun 07 23:38:20 2014.94062) : Dropping event destined for event consumer NTEventLogEventConsumer="SCM Event Log Consumer" in namespace //./root/subscription
(Sat Jun 07 23:38:20 2014.94062) : Dropping event destined for event consumer NTEventLogEventConsumer="SCM Event Log Consumer" in namespace //./root/subscription
(Sat Jun 07 23:38:20 2014.94062) : Dropping event destined for event consumer NTEventLogEventConsumer="SCM Event Log Consumer" in namespace //./root/subscription
(Sat Jun 07 23:38:20 2014.94062) : Dropping event destined for event consumer NTEventLogEventConsumer="SCM Event Log Consumer" in namespace //./root/subscription
(Sat Jun 07 23:38:20 2014.94062) : Dropping event destined for event consumer NTEventLogEventConsumer="SCM Event Log Consumer" in namespace //./root/subscription
(Sat Jun 07 23:38:20 2014.94062) : Failed to deliver an event to event consumer NTEventLogEventConsumer="SCM Event Log Consumer" with error code 0x80041001. Dropping event.
(Sat Jun 07 23:38:20 2014.94250) : Failed to log an event: 6B5
(Sat Jun 07 23:38:20 2014.94250) : Dropping event destined for event consumer NTEventLogEventConsumer="SCM Event Log Consumer" in namespace //./root/subscription
(Sat Jun 07 23:38:20 2014.94250) : Failed to deliver an event to event consumer NTEventLogEventConsumer="SCM Event Log Consumer" with error code 0x80041001. Dropping event.
(Sat Jun 07 23:38:20 2014.94453) : Failed to log an event: 6B5
(Sat Jun 07 23:38:20 2014.94453) : Failed to log an event: 6B5
(Sat Jun 07 23:38:20 2014.94453) : Dropping event destined for event consumer NTEventLogEventConsumer="SCM Event Log Consumer" in namespace //./root/subscription
(Sat Jun 07 23:38:20 2014.94453) : Dropping event destined for event consumer NTEventLogEventConsumer="SCM Event Log Consumer" in namespace //./root/subscription
(Sat Jun 07 23:38:20 2014.94453) : Failed to deliver an event to event consumer NTEventLogEventConsumer="SCM Event Log Consumer" with error code 0x80041001. Dropping event.
(Sat Jun 07 23:38:21 2014.95187) : Failed to log an event: 6B5
(Sat Jun 07 23:38:21 2014.95187) : Dropping event destined for event consumer NTEventLogEventConsumer="SCM Event Log Consumer" in namespace //./root/subscription
(Sat Jun 07 23:38:21 2014.95187) : Failed to deliver an event to event consumer NTEventLogEventConsumer="SCM Event Log Consumer" with error code 0x80041001. Dropping event.
(Sun Jun 08 09:34:32 2014.76390) : Failed to log an event: 6B5
(Sun Jun 08 09:34:32 2014.76421) : Failed to log an event: 6B5
(Sun Jun 08 09:34:32 2014.76421) : Failed to log an event: 6B5
(Sun Jun 08 09:34:32 2014.76437) : Failed to log an event: 6B5
(Sun Jun 08 09:34:32 2014.76437) : Failed to log an event: 6B5
(Sun Jun 08 09:34:32 2014.76437) : Failed to log an event: 6B5
(Sun Jun 08 09:34:32 2014.76437) : Failed to log an event: 6B5
(Sun Jun 08 09:34:32 2014.76453) : Failed to log an event: 6B5
(Sun Jun 08 09:34:32 2014.76453) : Failed to log an event: 6B5
(Sun Jun 08 09:34:32 2014.76453) : Failed to log an event: 6B5
(Sun Jun 08 09:34:32 2014.76453) : Failed to log an event: 6B5
(Sun Jun 08 09:34:32 2014.76453) : Failed to log an event: 6B5
(Sun Jun 08 09:34:32 2014.76453) : Failed to log an event: 6B5
(Sun Jun 08 09:34:32 2014.76453) : Failed to log an event: 6B5
(Sun Jun 08 09:34:32 2014.76453) : Failed to log an event: 6B5
(Sun Jun 08 09:34:32 2014.76453) : Dropping event destined for event consumer NTEventLogEventConsumer="SCM Event Log Consumer" in namespace //./root/subscription
(Sun Jun 08 09:34:32 2014.76453) : Dropping event destined for event consumer NTEventLogEventConsumer="SCM Event Log Consumer" in namespace //./root/subscription
(Sun Jun 08 09:34:32 2014.76453) : Dropping event destined for event consumer NTEventLogEventConsumer="SCM Event Log Consumer" in namespace //./root/subscription
(Sun Jun 08 09:34:32 2014.76453) : Dropping event destined for event consumer NTEventLogEventConsumer="SCM Event Log Consumer" in namespace //./root/subscription
(Sun Jun 08 09:34:32 2014.76453) : Dropping event destined for event consumer NTEventLogEventConsumer="SCM Event Log Consumer" in namespace //./root/subscription
(Sun Jun 08 09:34:32 2014.76453) : Dropping event destined for event consumer NTEventLogEventConsumer="SCM Event Log Consumer" in namespace //./root/subscription
(Sun Jun 08 09:34:32 2014.76453) : Dropping event destined for event consumer NTEventLogEventConsumer="SCM Event Log Consumer" in namespace //./root/subscription
(Sun Jun 08 09:34:32 2014.76453) : Dropping event destined for event consumer NTEventLogEventConsumer="SCM Event Log Consumer" in namespace //./root/subscription
(Sun Jun 08 09:34:32 2014.76453) : Dropping event destined for event consumer NTEventLogEventConsumer="SCM Event Log Consumer" in namespace //./root/subscription
(Sun Jun 08 09:34:32 2014.76453) : Dropping event destined for event consumer NTEventLogEventConsumer="SCM Event Log Consumer" in namespace //./root/subscription
(Sun Jun 08 09:34:32 2014.76453) : Dropping event destined for event consumer NTEventLogEventConsumer="SCM Event Log Consumer" in namespace //./root/subscription
(Sun Jun 08 09:34:32 2014.76453) : Dropping event destined for event consumer NTEventLogEventConsumer="SCM Event Log Consumer" in namespace //./root/subscription
(Sun Jun 08 09:34:32 2014.76453) : Dropping event destined for event consumer NTEventLogEventConsumer="SCM Event Log Consumer" in namespace //./root/subscription
(Sun Jun 08 09:34:32 2014.76453) : Dropping event destined for event consumer NTEventLogEventConsumer="SCM Event Log Consumer" in namespace //./root/subscription
(Sun Jun 08 09:34:32 2014.76453) : Dropping event destined for event consumer NTEventLogEventConsumer="SCM Event Log Consumer" in namespace //./root/subscription
(Sun Jun 08 09:34:32 2014.76453) : Failed to deliver an event to event consumer NTEventLogEventConsumer="SCM Event Log Consumer" with error code 0x80041001. Dropping event.
(Sun Jun 08 09:34:32 2014.76484) : Failed to log an event: 6B5
(Sun Jun 08 09:34:32 2014.76484) : Failed to log an event: 6B5
(Sun Jun 08 09:34:32 2014.76484) : Failed to log an event: 6B5
(Sun Jun 08 09:34:32 2014.76484) : Failed to log an event: 6B5
(Sun Jun 08 09:34:32 2014.76484) : Failed to log an event: 6B5
(Sun Jun 08 09:34:32 2014.76484) : Failed to log an event: 6B5
(Sun Jun 08 09:34:32 2014.76484) : Dropping event destined for event consumer NTEventLogEventConsumer="SCM Event Log Consumer" in namespace //./root/subscription
(Sun Jun 08 09:34:32 2014.76484) : Dropping event destined for event consumer NTEventLogEventConsumer="SCM Event Log Consumer" in namespace //./root/subscription
(Sun Jun 08 09:34:32 2014.76484) : Dropping event destined for event consumer NTEventLogEventConsumer="SCM Event Log Consumer" in namespace //./root/subscription
(Sun Jun 08 09:34:32 2014.76484) : Dropping event destined for event consumer NTEventLogEventConsumer="SCM Event Log Consumer" in namespace //./root/subscription
(Sun Jun 08 09:34:32 2014.76484) : Dropping event destined for event consumer NTEventLogEventConsumer="SCM Event Log Consumer" in namespace //./root/subscription
(Sun Jun 08 09:34:32 2014.76484) : Dropping event destined for event consumer NTEventLogEventConsumer="SCM Event Log Consumer" in namespace //./root/subscription
(Sun Jun 08 09:34:32 2014.76484) : Failed to deliver an event to event consumer NTEventLogEventConsumer="SCM Event Log Consumer" with error code 0x80041001. Dropping event.
(Sun Jun 08 09:34:32 2014.76656) : Failed to log an event: 6B5
(Sun Jun 08 09:34:32 2014.76656) : Dropping event destined for event consumer NTEventLogEventConsumer="SCM Event Log Consumer" in namespace //./root/subscription
(Sun Jun 08 09:34:32 2014.76656) : Failed to deliver an event to event consumer NTEventLogEventConsumer="SCM Event Log Consumer" with error code 0x80041001. Dropping event.
(Sun Jun 08 09:34:33 2014.77671) : Failed to log an event: 6B5
(Sun Jun 08 09:34:33 2014.77671) : Dropping event destined for event consumer NTEventLogEventConsumer="SCM Event Log Consumer" in namespace //./root/subscription
(Sun Jun 08 09:34:33 2014.77671) : Failed to deliver an event to event consumer NTEventLogEventConsumer="SCM Event Log Consumer" with error code 0x80041001. Dropping event.
(Sun Jun 08 09:35:13 2014.32671) : Failed to log an event: 6B5
(Sun Jun 08 09:35:13 2014.32687) : Failed to log an event: 6B5
(Sun Jun 08 09:35:13 2014.32703) : Failed to log an event: 6B5
(Sun Jun 08 09:35:13 2014.32703) : Failed to log an event: 6B5
(Sun Jun 08 09:35:13 2014.32718) : Failed to log an event: 6B5
(Sun Jun 08 09:35:13 2014.32718) : Failed to log an event: 6B5
(Sun Jun 08 09:35:13 2014.32718) : Failed to log an event: 6B5
(Sun Jun 08 09:35:13 2014.32718) : Failed to log an event: 6B5
(Sun Jun 08 09:35:13 2014.32734) : Failed to log an event: 6B5
(Sun Jun 08 09:35:13 2014.32734) : Failed to log an event: 6B5
(Sun Jun 08 09:35:13 2014.32734) : Dropping event destined for event consumer NTEventLogEventConsumer="SCM Event Log Consumer" in namespace //./root/subscription
(Sun Jun 08 09:35:13 2014.32734) : Dropping event destined for event consumer NTEventLogEventConsumer="SCM Event Log Consumer" in namespace //./root/subscription
(Sun Jun 08 09:35:13 2014.32734) : Dropping event destined for event consumer NTEventLogEventConsumer="SCM Event Log Consumer" in namespace //./root/subscription
(Sun Jun 08 09:35:13 2014.32750) : Dropping event destined for event consumer NTEventLogEventConsumer="SCM Event Log Consumer" in namespace //./root/subscription
(Sun Jun 08 09:35:13 2014.32750) : Dropping event destined for event consumer NTEventLogEventConsumer="SCM Event Log Consumer" in namespace //./root/subscription
(Sun Jun 08 09:35:13 2014.32750) : Dropping event destined for event consumer NTEventLogEventConsumer="SCM Event Log Consumer" in namespace //./root/subscription
(Sun Jun 08 09:35:13 2014.32750) : Dropping event destined for event consumer NTEventLogEventConsumer="SCM Event Log Consumer" in namespace //./root/subscription
(Sun Jun 08 09:35:13 2014.32750) : Dropping event destined for event consumer NTEventLogEventConsumer="SCM Event Log Consumer" in namespace //./root/subscription
(Sun Jun 08 09:35:13 2014.32750) : Dropping event destined for event consumer NTEventLogEventConsumer="SCM Event Log Consumer" in namespace //./root/subscription
(Sun Jun 08 09:35:13 2014.32750) : Dropping event destined for event consumer NTEventLogEventConsumer="SCM Event Log Consumer" in namespace //./root/subscription
(Sun Jun 08 09:35:13 2014.32750) : Failed to deliver an event to event consumer NTEventLogEventConsumer="SCM Event Log Consumer" with error code 0x80041001. Dropping event.
(Sun Jun 08 09:35:13 2014.32812) : Failed to log an event: 6B5
(Sun Jun 08 09:35:13 2014.32812) : Failed to log an event: 6B5
(Sun Jun 08 09:35:13 2014.32812) : Failed to log an event: 6B5
(Sun Jun 08 09:35:13 2014.32812) : Failed to log an event: 6B5
(Sun Jun 08 09:35:13 2014.32812) : Failed to log an event: 6B5
(Sun Jun 08 09:35:13 2014.32812) : Failed to log an event: 6B5
(Sun Jun 08 09:35:13 2014.32812) : Failed to log an event: 6B5
(Sun Jun 08 09:35:13 2014.32812) : Failed to log an event: 6B5
(Sun Jun 08 09:35:13 2014.32812) : Dropping event destined for event consumer NTEventLogEventConsumer="SCM Event Log Consumer" in namespace //./root/subscription
(Sun Jun 08 09:35:13 2014.32812) : Dropping event destined for event consumer NTEventLogEventConsumer="SCM Event Log Consumer" in namespace //./root/subscription
(Sun Jun 08 09:35:13 2014.32812) : Dropping event destined for event consumer NTEventLogEventConsumer="SCM Event Log Consumer" in namespace //./root/subscription
(Sun Jun 08 09:35:13 2014.32812) : Dropping event destined for event consumer NTEventLogEventConsumer="SCM Event Log Consumer" in namespace //./root/subscription
(Sun Jun 08 09:35:13 2014.32812) : Dropping event destined for event consumer NTEventLogEventConsumer="SCM Event Log Consumer" in namespace //./root/subscription
(Sun Jun 08 09:35:13 2014.32812) : Dropping event destined for event consumer NTEventLogEventConsumer="SCM Event Log Consumer" in namespace //./root/subscription
(Sun Jun 08 09:35:13 2014.32812) : Dropping event destined for event consumer NTEventLogEventConsumer="SCM Event Log Consumer" in namespace //./root/subscription
(Sun Jun 08 09:35:13 2014.32812) : Dropping event destined for event consumer NTEventLogEventConsumer="SCM Event Log Consumer" in namespace //./root/subscription
(Sun Jun 08 09:35:13 2014.32812) : Failed to deliver an event to event consumer NTEventLogEventConsumer="SCM Event Log Consumer" with error code 0x80041001. Dropping event.
(Sun Jun 08 09:35:13 2014.33031) : Failed to log an event: 6B5
(Sun Jun 08 09:35:13 2014.33031) : Failed to log an event: 6B5
(Sun Jun 08 09:35:13 2014.33031) : Failed to log an event: 6B5
(Sun Jun 08 09:35:13 2014.33031) : Dropping event destined for event consumer NTEventLogEventConsumer="SCM Event Log Consumer" in namespace //./root/subscription
(Sun Jun 08 09:35:13 2014.33031) : Dropping event destined for event consumer NTEventLogEventConsumer="SCM Event Log Consumer" in namespace //./root/subscription
(Sun Jun 08 09:35:13 2014.33031) : Dropping event destined for event consumer NTEventLogEventConsumer="SCM Event Log Consumer" in namespace //./root/subscription
(Sun Jun 08 09:35:13 2014.33031) : Failed to deliver an event to event consumer NTEventLogEventConsumer="SCM Event Log Consumer" with error code 0x80041001. Dropping event.
(Sun Jun 08 09:35:14 2014.33156) : Failed to log an event: 6B5
(Sun Jun 08 09:35:14 2014.33156) : Dropping event destined for event consumer NTEventLogEventConsumer="SCM Event Log Consumer" in namespace //./root/subscription
(Sun Jun 08 09:35:14 2014.33156) : Failed to deliver an event to event consumer NTEventLogEventConsumer="SCM Event Log Consumer" with error code 0x80041001. Dropping event.
(Sun Jun 08 09:35:14 2014.34031) : Failed to log an event: 6B5
(Sun Jun 08 09:35:14 2014.34031) : Dropping event destined for event consumer NTEventLogEventConsumer="SCM Event Log Consumer" in namespace //./root/subscription
(Sun Jun 08 09:35:14 2014.34031) : Failed to deliver an event to event consumer NTEventLogEventConsumer="SCM Event Log Consumer" with error code 0x80041001. Dropping event.
